2021-05-13 15:53:02,085:INFO:Initializing load_model()
2021-05-13 15:53:02,085:INFO:load_model(model_name=diamond-pipeline, platform=None, authentication=None, verbose=True)
2021-05-13 15:53:51,929:INFO:Initializing load_model()
2021-05-13 15:53:51,929:INFO:load_model(model_name=diamond-pipeline, platform=None, authentication=None, verbose=True)
2021-05-13 15:59:31,160:INFO:Initializing predict_model()
2021-05-13 15:59:31,160:INFO:predict_model(estimator=Pipeline(steps=[('dtypes',
                 DataTypes_Auto_infer(ml_usecase='regression', target='Price')),
                ('imputer',
                 Simple_Imputer(categorical_strategy='not_available',
                                fill_value_categorical=None,
                                fill_value_numerical=None,
                                numeric_strategy='mean',
                                target_variable=None)),
                ('new_levels1',
                 New_Catagorical_Levels_in_TestData(replacement_strategy='least '
                                                                         'frequent',
                                                    target='P...
                ('fix_perfect', Remove_100(target='Price')),
                ('clean_names', Clean_Colum_Names()),
                ('feature_select', 'passthrough'), ('fix_multi', 'passthrough'),
                ('dfs', 'passthrough'), ('pca', 'passthrough'),
                ['trained_model',
                 PowerTransformedTargetRegressor(border_count=254,
                                                 loss_function='RMSE',
                                                 random_state=5732,
                                                 regressor=<catboost.core.CatBoostRegressor object at 0x000002347F24D4F0>,
                                                 task_type='CPU',
                                                 verbose=False)]]), probability_threshold=None, encoded_labels=True, raw_score=False, round=4, verbose=True, ml_usecase=MLUsecase.REGRESSION, display=None)
2021-05-13 15:59:31,165:INFO:Checking exceptions
2021-05-13 15:59:31,165:INFO:Preloading libraries
2021-05-13 16:47:20,860:INFO:PyCaret Supervised Module
2021-05-13 16:47:20,860:INFO:ML Usecase: regression
2021-05-13 16:47:20,861:INFO:version 2.3.0
2021-05-13 16:47:20,861:INFO:Initializing setup()
2021-05-13 16:47:20,861:INFO:setup(target=Price, ml_usecase=regression, available_plots={'parameter': 'Hyperparameters', 'residuals': 'Residuals', 'error': 'Prediction Error', 'cooks': 'Cooks Distance', 'rfe': 'Feature Selection', 'learning': 'Learning Curve', 'manifold': 'Manifold Learning', 'vc': 'Validation Curve', 'feature': 'Feature Importance', 'feature_all': 'Feature Importance (All)', 'tree': 'Decision Tree', 'residuals_interactive': 'Interactive Residuals'}, train_size=0.7, test_data=None, preprocess=True, imputation_type=simple, iterative_imputation_iters=5, categorical_features=None, categorical_imputation=constant, categorical_iterative_imputer=lightgbm, ordinal_features=None, high_cardinality_features=None, high_cardinality_method=frequency, numeric_features=None, numeric_imputation=mean, numeric_iterative_imputer=lightgbm, date_features=None, ignore_features=None, normalize=False, normalize_method=zscore, transformation=False, transformation_method=yeo-johnson, handle_unknown_categorical=True, unknown_categorical_method=least_frequent, pca=False, pca_method=linear, pca_components=None, ignore_low_variance=False, combine_rare_levels=False, rare_level_threshold=0.1, bin_numeric_features=None, remove_outliers=False, outliers_threshold=0.05, remove_multicollinearity=False, multicollinearity_threshold=0.9, remove_perfect_collinearity=True, create_clusters=False, cluster_iter=20, polynomial_features=False, polynomial_degree=2, trigonometry_features=False, polynomial_threshold=0.1, group_features=None, group_names=None, feature_selection=False, feature_selection_threshold=0.8, feature_selection_method=classic, feature_interaction=False, feature_ratio=False, interaction_threshold=0.01, fix_imbalance=False, fix_imbalance_method=None, transform_target=True, transform_target_method=box-cox, data_split_shuffle=True, data_split_stratify=False, fold_strategy=kfold, fold=10, fold_shuffle=False, fold_groups=None, n_jobs=-1, use_gpu=False, custom_pipeline=None, html=True, session_id=None, log_experiment=False, experiment_name=None, log_plots=False, log_profile=False, log_data=False, silent=False, verbose=True, profile=False, profile_kwargs=None, display=None)
2021-05-13 16:47:20,861:INFO:Checking environment
2021-05-13 16:47:20,861:INFO:python_version: 3.8.8
2021-05-13 16:47:20,861:INFO:python_build: ('default', 'Apr 13 2021 15:08:03')
2021-05-13 16:47:20,861:INFO:machine: AMD64
2021-05-13 16:47:20,862:INFO:platform: Windows-10-10.0.19041-SP0
2021-05-13 16:47:20,862:INFO:Memory: svmem(total=34109853696, available=20013408256, percent=41.3, used=14096445440, free=20013408256)
2021-05-13 16:47:20,862:INFO:Physical Core: 6
2021-05-13 16:47:20,862:INFO:Logical Core: 12
2021-05-13 16:47:20,862:INFO:Checking libraries
2021-05-13 16:47:20,862:INFO:pd==1.2.4
2021-05-13 16:47:20,862:INFO:numpy==1.19.2
2021-05-13 16:47:20,862:INFO:sklearn==0.23.2
2021-05-13 16:47:20,862:INFO:lightgbm==3.2.1
2021-05-13 16:47:20,872:INFO:catboost==0.25.1
2021-05-13 16:47:20,952:INFO:xgboost==1.4.1
2021-05-13 16:47:21,257:INFO:mlflow==1.15.0
2021-05-13 16:47:21,257:INFO:Checking Exceptions
2021-05-13 16:47:21,257:INFO:Declaring global variables
2021-05-13 16:47:21,257:INFO:USI: 3a3c
2021-05-13 16:47:21,257:INFO:pycaret_globals: {'_all_models_internal', 'y_train', 'fold_groups_param', 'fold_generator', 'gpu_param', 'create_model_container', 'n_jobs_param', 'master_model_container', 'data_before_preprocess', '_all_models', 'log_plots_param', 'logging_param', '_available_plots', 'target_param', 'iterative_imputation_iters_param', 'fix_imbalance_param', '_all_metrics', 'transform_target_method_param', '_gpu_n_jobs_param', 'y_test', 'experiment__', 'X_test', '_internal_pipeline', 'imputation_regressor', 'y', 'USI', 'fold_shuffle_param', 'fix_imbalance_method_param', 'transform_target_param', 'X', '_ml_usecase', 'exp_name_log', 'prep_pipe', 'html_param', 'imputation_classifier', 'stratify_param', 'seed', 'X_train', 'display_container', 'pycaret_globals', 'fold_param'}
2021-05-13 16:47:21,257:INFO:Preparing display monitor
2021-05-13 16:47:21,257:INFO:Preparing display monitor
2021-05-13 16:47:21,268:INFO:Importing libraries
2021-05-13 16:47:21,268:INFO:Copying data for preprocessing
2021-05-13 16:47:21,275:INFO:Declaring preprocessing parameters
2021-05-13 16:47:21,277:INFO:Creating preprocessing pipeline
2021-05-13 16:47:21,286:INFO:Preprocessing pipeline created successfully
2021-05-13 16:47:21,286:ERROR:(Process Exit): setup has been interupted with user command 'quit'. setup must rerun.
2021-05-13 16:47:21,286:INFO:Creating global containers
2021-05-13 16:47:21,287:INFO:Internal pipeline: Pipeline(memory=None, steps=[('empty_step', 'passthrough')], verbose=False)
2021-05-13 16:47:43,184:INFO:Creating grid variables
2021-05-13 16:47:43,199:INFO:create_model_container: 0
2021-05-13 16:47:43,200:INFO:master_model_container: 0
2021-05-13 16:47:43,200:INFO:display_container: 1
2021-05-13 16:47:43,204:INFO:Pipeline(memory=None,
         steps=[('dtypes',
                 DataTypes_Auto_infer(categorical_features=[],
                                      display_types=True, features_todrop=[],
                                      id_columns=[], ml_usecase='regression',
                                      numerical_features=[], target='Price',
                                      time_features=[])),
                ('imputer',
                 Simple_Imputer(categorical_strategy='not_available',
                                fill_value_categorical=None,
                                fill_value_numerical=None,
                                numeric_strategy='...
                ('scaling', 'passthrough'), ('P_transform', 'passthrough'),
                ('binn', 'passthrough'), ('rem_outliers', 'passthrough'),
                ('cluster_all', 'passthrough'),
                ('dummy', Dummify(target='Price')),
                ('fix_perfect', Remove_100(target='Price')),
                ('clean_names', Clean_Colum_Names()),
                ('feature_select', 'passthrough'), ('fix_multi', 'passthrough'),
                ('dfs', 'passthrough'), ('pca', 'passthrough')],
         verbose=False)
2021-05-13 16:47:43,204:INFO:setup() succesfully completed......................................
2021-05-13 17:06:27,060:INFO:Initializing predict_model()
2021-05-13 17:06:27,060:INFO:predict_model(estimator=Pipeline(steps=[('dtypes',
                 DataTypes_Auto_infer(ml_usecase='regression', target='Price')),
                ('imputer',
                 Simple_Imputer(categorical_strategy='not_available',
                                fill_value_categorical=None,
                                fill_value_numerical=None,
                                numeric_strategy='mean',
                                target_variable=None)),
                ('new_levels1',
                 New_Catagorical_Levels_in_TestData(replacement_strategy='least '
                                                                         'frequent',
                                                    target='P...
                ('fix_perfect', Remove_100(target='Price')),
                ('clean_names', Clean_Colum_Names()),
                ('feature_select', 'passthrough'), ('fix_multi', 'passthrough'),
                ('dfs', 'passthrough'), ('pca', 'passthrough'),
                ['trained_model',
                 PowerTransformedTargetRegressor(border_count=254,
                                                 loss_function='RMSE',
                                                 random_state=5732,
                                                 regressor=<catboost.core.CatBoostRegressor object at 0x000002347F24D4F0>,
                                                 task_type='CPU',
                                                 verbose=False)]]), probability_threshold=None, encoded_labels=True, raw_score=False, round=4, verbose=True, ml_usecase=MLUsecase.REGRESSION, display=None)
2021-05-13 17:06:27,060:INFO:Checking exceptions
2021-05-13 17:06:27,060:INFO:Preloading libraries
2021-05-13 17:09:29,781:INFO:Initializing load_model()
2021-05-13 17:09:29,781:INFO:load_model(model_name=diamond-pipeline, platform=None, authentication=None, verbose=True)
2021-05-13 17:09:55,662:INFO:Initializing load_model()
2021-05-13 17:09:55,662:INFO:load_model(model_name=diamond-pipeline, platform=None, authentication=None, verbose=True)
2021-05-13 17:11:21,806:INFO:Initializing load_model()
2021-05-13 17:11:21,806:INFO:load_model(model_name=diamond-pipeline, platform=None, authentication=None, verbose=True)
2021-05-13 17:12:35,927:INFO:Initializing predict_model()
2021-05-13 17:12:35,927:INFO:predict_model(estimator=Pipeline(steps=[('dtypes',
                 DataTypes_Auto_infer(ml_usecase='regression', target='Price')),
                ('imputer',
                 Simple_Imputer(categorical_strategy='not_available',
                                fill_value_categorical=None,
                                fill_value_numerical=None,
                                numeric_strategy='mean',
                                target_variable=None)),
                ('new_levels1',
                 New_Catagorical_Levels_in_TestData(replacement_strategy='least '
                                                                         'frequent',
                                                    target='P...
                ('fix_perfect', Remove_100(target='Price')),
                ('clean_names', Clean_Colum_Names()),
                ('feature_select', 'passthrough'), ('fix_multi', 'passthrough'),
                ('dfs', 'passthrough'), ('pca', 'passthrough'),
                ['trained_model',
                 PowerTransformedTargetRegressor(border_count=254,
                                                 loss_function='RMSE',
                                                 random_state=5732,
                                                 regressor=<catboost.core.CatBoostRegressor object at 0x00000161D16AE4F0>,
                                                 task_type='CPU',
                                                 verbose=False)]]), probability_threshold=None, encoded_labels=True, raw_score=False, round=4, verbose=True, ml_usecase=MLUsecase.REGRESSION, display=None)
2021-05-13 17:12:35,928:INFO:Checking exceptions
2021-05-13 17:12:35,928:INFO:Preloading libraries
2021-05-13 17:16:29,676:INFO:Initializing predict_model()
2021-05-13 17:16:29,677:INFO:predict_model(estimator=Pipeline(steps=[('dtypes',
                 DataTypes_Auto_infer(ml_usecase='regression', target='Price')),
                ('imputer',
                 Simple_Imputer(categorical_strategy='not_available',
                                fill_value_categorical=None,
                                fill_value_numerical=None,
                                numeric_strategy='mean',
                                target_variable=None)),
                ('new_levels1',
                 New_Catagorical_Levels_in_TestData(replacement_strategy='least '
                                                                         'frequent',
                                                    target='P...
                ('fix_perfect', Remove_100(target='Price')),
                ('clean_names', Clean_Colum_Names()),
                ('feature_select', 'passthrough'), ('fix_multi', 'passthrough'),
                ('dfs', 'passthrough'), ('pca', 'passthrough'),
                ['trained_model',
                 PowerTransformedTargetRegressor(border_count=254,
                                                 loss_function='RMSE',
                                                 random_state=5732,
                                                 regressor=<catboost.core.CatBoostRegressor object at 0x00000161D16AE4F0>,
                                                 task_type='CPU',
                                                 verbose=False)]]), probability_threshold=None, encoded_labels=True, raw_score=False, round=4, verbose=True, ml_usecase=MLUsecase.REGRESSION, display=None)
2021-05-13 17:16:29,677:INFO:Checking exceptions
2021-05-13 17:16:29,677:INFO:Preloading libraries
